app/build/intermediates/manifest_merge_blame_file/debug/manifest-merger-blame-debug-report.txt
1<?xml version="1.0" encoding="utf-8"?>
2<manifest xmlns:android="http://schemas.android.com/apk/res/android"
3    package="mx.tecnm.voaxaca.agenda"
4    android:versionCode="1"
5    android:versionName="1.0" >
6
7    <uses-sdk
8        android:minSdkVersion="21"
8-->src\main\AndroidManifest.xml
9        android:targetSdkVersion="31" />
9-->src\main\AndroidManifest.xml
10
11    <application
11-->src\main\AndroidManifest.xml:5:5-45:19
12        android:allowBackup="true"
12-->src\main\AndroidManifest.xml:6:9-35
13        android:appComponentFactory="androidx.core.app.CoreComponentFactory"
13-->[androidx.core:core:1.7.0] AndroidManifest.xml:24:18-86
14        android:debuggable="true"
15        android:icon="@mipmap/ic_launcher"
15-->src\main\AndroidManifest.xml:7:9-43
16        android:label="@string/app_name"
16-->src\main\AndroidManifest.xml:8:9-41
17        android:roundIcon="@mipmap/ic_launcher_round"
17-->src\main\AndroidManifest.xml:9:9-54
18        android:supportsRtl="true"
18-->src\main\AndroidManifest.xml:10:9-35
19        android:testOnly="true"
20        android:theme="@style/Theme.Agenda" >
20-->src\main\AndroidManifest.xml:11:9-44
21        <activity
21-->src\main\AndroidManifest.xml:13:9-19:20
22            android:name="mx.tecnm.voaxaca.agenda.EditarActivity"
22-->src\main\AndroidManifest.xml:14:13-43
23            android:parentActivityName="mx.tecnm.voaxaca.agenda.MainActivity" >
23-->src\main\AndroidManifest.xml:15:13-55
24            <meta-data
24-->src\main\AndroidManifest.xml:16:13-18:49
25                android:name="android.support.PARENT_ACTIVITY"
25-->src\main\AndroidManifest.xml:17:17-63
26                android:value=".MainActivity" />
26-->src\main\AndroidManifest.xml:18:17-46
27        </activity>
28        <activity
28-->src\main\AndroidManifest.xml:21:9-27:20
29            android:name="mx.tecnm.voaxaca.agenda.VerActivity"
29-->src\main\AndroidManifest.xml:22:13-40
30            android:parentActivityName="mx.tecnm.voaxaca.agenda.MainActivity" >
30-->src\main\AndroidManifest.xml:23:13-55
31            <meta-data
31-->src\main\AndroidManifest.xml:16:13-18:49
32                android:name="android.support.PARENT_ACTIVITY"
32-->src\main\AndroidManifest.xml:17:17-63
33                android:value=".MainActivity" />
33-->src\main\AndroidManifest.xml:18:17-46
34        </activity>
35        <activity
35-->src\main\AndroidManifest.xml:29:9-35:20
36            android:name="mx.tecnm.voaxaca.agenda.NuevoActivity"
36-->src\main\AndroidManifest.xml:30:13-42
37            android:parentActivityName="mx.tecnm.voaxaca.agenda.MainActivity" >
37-->src\main\AndroidManifest.xml:31:13-55
38            <meta-data
38-->src\main\AndroidManifest.xml:16:13-18:49
39                android:name="android.support.PARENT_ACTIVITY"
39-->src\main\AndroidManifest.xml:17:17-63
40                android:value=".MainActivity" />
40-->src\main\AndroidManifest.xml:18:17-46
41        </activity>
42        <activity
42-->src\main\AndroidManifest.xml:36:9-44:20
43            android:name="mx.tecnm.voaxaca.agenda.MainActivity"
43-->src\main\AndroidManifest.xml:37:13-41
44            android:exported="true" >
44-->src\main\AndroidManifest.xml:38:13-36
45            <intent-filter>
45-->src\main\AndroidManifest.xml:39:13-43:29
46                <action android:name="android.intent.action.MAIN" />
46-->src\main\AndroidManifest.xml:40:17-69
46-->src\main\AndroidManifest.xml:40:25-66
47
48                <category android:name="android.intent.category.LAUNCHER" />
48-->src\main\AndroidManifest.xml:42:17-77
48-->src\main\AndroidManifest.xml:42:27-74
49            </intent-filter>
50        </activity>
51
52        <provider
52-->[androidx.emoji2:emoji2:1.0.0] AndroidManifest.xml:26:9-34:20
53            android:name="androidx.startup.InitializationProvider"
53-->[androidx.emoji2:emoji2:1.0.0] AndroidManifest.xml:27:13-67
54            android:authorities="mx.tecnm.voaxaca.agenda.androidx-startup"
54-->[androidx.emoji2:emoji2:1.0.0] AndroidManifest.xml:28:13-68
55            android:exported="false" >
55-->[androidx.emoji2:emoji2:1.0.0] AndroidManifest.xml:29:13-37
56            <meta-data
56-->[androidx.emoji2:emoji2:1.0.0] AndroidManifest.xml:31:13-33:52
57                android:name="androidx.emoji2.text.EmojiCompatInitializer"
57-->[androidx.emoji2:emoji2:1.0.0] AndroidManifest.xml:32:17-75
58                android:value="androidx.startup" />
58-->[androidx.emoji2:emoji2:1.0.0] AndroidManifest.xml:33:17-49
59            <meta-data
59-->[androidx.lifecycle:lifecycle-process:2.4.0] AndroidManifest.xml:31:13-33:52
60                android:name="androidx.lifecycle.ProcessLifecycleInitializer"
60-->[androidx.lifecycle:lifecycle-process:2.4.0] AndroidManifest.xml:32:17-78
61                android:value="androidx.startup" />
61-->[androidx.lifecycle:lifecycle-process:2.4.0] AndroidManifest.xml:33:17-49
62        </provider>
63    </application>
64
65</manifest>